[2026-05-04T14:40:27.326Z] Plugin initialized: 63 commands [
  "bmad-bmm-testarch-atdd",
  "bmad-bmm-document-project",
  "bmad-bmm-quick-spec",
  "bmad-bmm-analyst.agent",
  "bmad-bmm-create-product-brief",
  "bmad-cis-storytelling",
  "bmad-bmm-sprint-status",
  "bmad-bmb-workflow",
  "bmad-bmm-code-review",
  "bmad-cis-problem-solving",
  "bmad-bmm-testarch-trace",
  "bmad-bmb-agent-builder.agent",
  "bmad-cis-creative-problem-solver.agent",
  "bmad-bmm-create-excalidraw-flowchart",
  "bmad-bmm-ux-designer.agent",
  "bmad-bmm-testarch-nfr",
  "bmad-bmm-sprint-planning",
  "bmad-bmm-create-excalidraw-dataflow",
  "bmad-bmm-create-story",
  "bmad-bmm-testarch-test-design",
  "bmad-bmm-correct-course",
  "bmad-review-adversarial-general",
  "bmad-bmm-tech-writer-tech-writer.agent",
  "bmad-cis-brainstorming-coach.agent",
  "bmad-bmm-create-epics-and-stories",
  "bmad-bmm-create-excalidraw-wireframe",
  "bmad-brainstorming",
  "bmad-bmad-master.agent",
  "bmad-bmm-tea.agent",
  "bmad-bmm-research",
  "bmad-cis-innovation-strategist.agent",
  "bmad-bmb-workflow-builder.agent",
  "bmad-bmm-check-implementation-readiness",
  "bmad-bmb-module-builder.agent",
  "bmad-bmm-create-prd",
  "bmad-bmm-testarch-ci",
  "bmad-bmm-retrospective",
  "bmad-bmm-create-architecture",
  "bmad-bmm-dev-story",
  "bmad-editorial-review-structure",
  "bmad-bmm-quick-dev",
  "bmad-bmm-create-ux-design",
  "bmad-cis-design-thinking",
  "bmad-cis-presentation-master.agent",
  "bmad-editorial-review-prose",
  "bmad-bmm-architect.agent",
  "bmad-bmm-testarch-automate",
  "bmad-bmm-create-excalidraw-diagram",
  "bmad-bmm-sm.agent",
  "bmad-index-docs",
  "bmad-cis-storyteller-storyteller.agent",
  "bmad-bmm-pm.agent",
  "bmad-party-mode",
  "bmad-bmb-agent",
  "bmad-bmm-testarch-test-review",
  "bmad-shard-doc",
  "bmad-bmm-testarch-framework",
  "bmad-cis-design-thinking-coach.agent",
  "bmad-bmb-module",
  "bmad-bmm-quick-flow-solo-dev.agent",
  "bmad-cis-innovation-strategy",
  "bmad-bmm-dev.agent",
  "bmad-help"
]
[2026-05-04T14:40:27.869Z] Registered /subtask command
[2026-05-04T14:43:32.528Z] message-hooks: ENTRY msgCount=1, sessions=ses_20c8e4007ffeqgG2Wlby3ElpL1
[2026-05-04T14:43:32.528Z] message-hooks: MESSAGES: [0]user: text:"@Sisyphus-Junior init-deep

<dcp-message...", agent, text:" Use the above message and context to ge..."(syn)
[2026-05-04T14:43:32.528Z] message-hooks: post-filter, msgCount=1
[2026-05-04T14:43:32.528Z] message-hooks: about to search for OPENCODE_GENERIC
[2026-05-04T14:43:32.528Z] message-hooks: searching 1 messages for OPENCODE_GENERIC
[2026-05-04T14:43:32.528Z] message-hooks: found synthetic text at [0]: " Use the above message and context to generate a p..." matches=false
[2026-05-04T14:43:32.528Z] message-hooks: generic search complete, found=false, index=-1
[2026-05-04T14:43:32.528Z] message-hooks: no generic part found, checking for pending prompt return
[2026-05-04T14:43:41.546Z] tool.before: taskSession=ses_20c8e4007ffeqgG2Wlby3ElpL1, prompt="Initialize the hierarchical AG...", pendingParentSession=NOT FOUND
[2026-05-04T14:43:41.546Z] tool.before: callID=call_4e8b4a97bfbb44e686d6048b, cmd=undefined, desc="undefined", mainCmd=undefined
[2026-05-04T14:43:41.578Z] tool.after: callID=call_4e8b4a97bfbb44e686d6048b, cmd=undefined, wasTracked=false
[2026-05-04T14:43:41.578Z] tool.after: parentSession=undefined, loopSession=ses_20c8e4007ffeqgG2Wlby3ElpL1, hasLoop=false, isInlineLoop=false
[2026-05-04T14:43:41.777Z] message-hooks: ENTRY msgCount=2, sessions=ses_20c8e4007ffeqgG2Wlby3ElpL1
[2026-05-04T14:43:41.777Z] message-hooks: MESSAGES: [0]user: text:"@Sisyphus-Junior init-deep

<dcp-message...", agent, text:" Use the above message and context to ge..."(syn) | [1]assistant: step-start, reasoning, text:"<dcp-system-reminder>
CRITICAL WARNING: ...", tool:completed, step-finish, patch
[2026-05-04T14:43:41.777Z] message-hooks: post-filter, msgCount=2
[2026-05-04T14:43:41.777Z] message-hooks: about to search for OPENCODE_GENERIC
[2026-05-04T14:43:41.777Z] message-hooks: searching 2 messages for OPENCODE_GENERIC
[2026-05-04T14:43:41.777Z] message-hooks: found synthetic text at [0]: " Use the above message and context to generate a p..." matches=false
[2026-05-04T14:43:41.777Z] message-hooks: generic search complete, found=false, index=-1
[2026-05-04T14:43:41.777Z] message-hooks: no generic part found, checking for pending prompt return
[2026-05-04T14:43:54.139Z] tool.before: taskSession=ses_20c8e4007ffeqgG2Wlby3ElpL1, prompt="Initialize the hierarchical AG...", pendingParentSession=NOT FOUND
[2026-05-04T14:43:54.139Z] tool.before: callID=call_c4d91bd788504946964236c3, cmd=undefined, desc="undefined", mainCmd=undefined
[2026-05-04T14:43:54.465Z] message-hooks: ENTRY msgCount=1, sessions=ses_20c8de74effe6hp3vSg5dts9Eu
[2026-05-04T14:43:54.465Z] message-hooks: MESSAGES: [0]user: text:"Initialize the hierarchical AGENTS.md kn..."
[2026-05-04T14:43:54.465Z] message-hooks: post-filter, msgCount=1
[2026-05-04T14:43:54.465Z] message-hooks: about to search for OPENCODE_GENERIC
[2026-05-04T14:43:54.465Z] message-hooks: searching 1 messages for OPENCODE_GENERIC
[2026-05-04T14:43:54.465Z] message-hooks: generic search complete, found=false, index=-1
[2026-05-04T14:43:54.465Z] message-hooks: no generic part found, checking for pending prompt return
[2026-05-04T14:43:54.517Z] session.idle: sessionID=ses_20c8de74effe6hp3vSg5dts9Eu
[2026-05-04T14:43:54.544Z] session.idle: sessionID=ses_20c8de74effe6hp3vSg5dts9Eu
[2026-05-04T15:00:23.206Z] session.idle: sessionID=ses_20c8e4007ffeqgG2Wlby3ElpL1
[2026-05-04T15:00:23.538Z] session.idle: sessionID=ses_20c8e4007ffeqgG2Wlby3ElpL1
[2026-05-04T15:00:23.672Z] tool.after: callID=call_c4d91bd788504946964236c3, cmd=undefined, wasTracked=false
[2026-05-04T15:00:23.672Z] tool.after: parentSession=undefined, loopSession=ses_20c8e4007ffeqgG2Wlby3ElpL1, hasLoop=false, isInlineLoop=false
[2026-05-04T15:00:23.683Z] session.idle: sessionID=ses_20c8de74effe6hp3vSg5dts9Eu
[2026-05-04T15:00:33.799Z] cmd.before: init-deep no config
[2026-05-04T15:00:33.799Z] Processing 1 parts for $TURN refs
[2026-05-04T15:00:33.799Z] Part type=text, hasPrompt=false, hasText=true
[2026-05-04T15:00:33.799Z] Text part (first 200): <command-instruction>
# /init-deep

Generate hierarchical AGENTS.md files. Root + complexity-scored subdirectories.

## Usage

```
/init-deep                      # Update mode: modify existing + crea
[2026-05-04T15:00:34.276Z] message-hooks: ENTRY msgCount=4, sessions=ses_20c8e4007ffeqgG2Wlby3ElpL1
[2026-05-04T15:00:34.276Z] message-hooks: MESSAGES: [0]user: text:"@Sisyphus-Junior init-deep

<dcp-message...", agent, text:" Use the above message and context to ge..."(syn) | [1]assistant: step-start, reasoning, text:"<dcp-system-reminder>
CRITICAL WARNING: ...", tool:completed, step-finish, patch | [2]assistant: step-start, reasoning, tool:error, patch | [3]user: text:"[search-mode]
MAXIMIZE SEARCH EFFORT. La...", text:"<command-instruction>
# /init-deep

Gene..."
[2026-05-04T15:00:34.276Z] message-hooks: post-filter, msgCount=4
[2026-05-04T15:00:34.276Z] message-hooks: about to search for OPENCODE_GENERIC
[2026-05-04T15:00:34.276Z] message-hooks: searching 4 messages for OPENCODE_GENERIC
[2026-05-04T15:00:34.276Z] message-hooks: found synthetic text at [0]: " Use the above message and context to generate a p..." matches=false
[2026-05-04T15:00:34.276Z] message-hooks: generic search complete, found=false, index=-1
[2026-05-04T15:00:34.276Z] message-hooks: no generic part found, checking for pending prompt return
[2026-05-04T15:00:52.612Z] message-hooks: ENTRY msgCount=5, sessions=ses_20c8e4007ffeqgG2Wlby3ElpL1
[2026-05-04T15:00:52.612Z] message-hooks: MESSAGES: [0]user: text:"@Sisyphus-Junior init-deep

<dcp-message...", agent, text:" Use the above message and context to ge..."(syn) | [1]assistant: step-start, reasoning, text:"<dcp-system-reminder>
CRITICAL WARNING: ...", tool:completed, step-finish, patch | [2]assistant: step-start, reasoning, tool:error, patch | [3]user: text:"[search-mode]
MAXIMIZE SEARCH EFFORT. La...", text:"<command-instruction>
# /init-deep

Gene..." | [4]assistant: step-start, reasoning, text:"I detect an **init-deep** intent — initi...", tool:completed, step-finish, patch
[2026-05-04T15:00:52.612Z] message-hooks: post-filter, msgCount=5
[2026-05-04T15:00:52.612Z] message-hooks: about to search for OPENCODE_GENERIC
[2026-05-04T15:00:52.612Z] message-hooks: searching 5 messages for OPENCODE_GENERIC
[2026-05-04T15:00:52.612Z] message-hooks: found synthetic text at [0]: " Use the above message and context to generate a p..." matches=false
[2026-05-04T15:00:52.612Z] message-hooks: generic search complete, found=false, index=-1
[2026-05-04T15:00:52.612Z] message-hooks: no generic part found, checking for pending prompt return
[2026-05-04T15:01:06.975Z] tool.before: taskSession=ses_20c8e4007ffeqgG2Wlby3ElpL1, prompt="[CONTEXT]: Running /init-deep ...", pendingParentSession=NOT FOUND
[2026-05-04T15:01:06.975Z] tool.before: callID=call_e10fb30fa68441e38b36458a, cmd=undefined, desc="Explore project structure", mainCmd=init-deep
[2026-05-04T15:01:07.123Z] session.idle: sessionID=ses_20c7e245affeSKf5zhrDqSbGNz
[2026-05-04T15:01:07.132Z] session.idle: sessionID=ses_20c7e245affeSKf5zhrDqSbGNz
[2026-05-04T15:01:07.166Z] session.idle: sessionID=ses_20c7e243cffeNG4PBWRau6EzxO
[2026-05-04T15:01:07.171Z] session.idle: sessionID=ses_20c7e243cffeNG4PBWRau6EzxO
[2026-05-04T15:01:07.200Z] session.idle: sessionID=ses_20c7e2414ffeW0uJzjl1RvBVxm
[2026-05-04T15:01:07.214Z] tool.after: callID=call_e10fb30fa68441e38b36458a, cmd=undefined, wasTracked=false
[2026-05-04T15:01:07.214Z] tool.after: parentSession=undefined, loopSession=ses_20c8e4007ffeqgG2Wlby3ElpL1, hasLoop=false, isInlineLoop=false
[2026-05-04T15:01:07.551Z] message-hooks: ENTRY msgCount=6, sessions=ses_20c8e4007ffeqgG2Wlby3ElpL1
[2026-05-04T15:01:07.551Z] message-hooks: MESSAGES: [0]user: text:"@Sisyphus-Junior init-deep

<dcp-message...", agent, text:" Use the above message and context to ge..."(syn) | [1]assistant: step-start, reasoning, text:"<dcp-system-reminder>
CRITICAL WARNING: ...", tool:completed, step-finish, patch | [2]assistant: step-start, reasoning, tool:error, patch | [3]user: text:"[search-mode]
MAXIMIZE SEARCH EFFORT. La...", text:"<command-instruction>
# /init-deep

Gene..." | [4]assistant: step-start, reasoning, text:"I detect an **init-deep** intent — initi...", tool:completed, step-finish, patch | [5]assistant: step-start, reasoning, tool:completed, step-finish, patch
[2026-05-04T15:01:07.551Z] message-hooks: post-filter, msgCount=6
[2026-05-04T15:01:07.551Z] message-hooks: about to search for OPENCODE_GENERIC
[2026-05-04T15:01:07.551Z] message-hooks: searching 6 messages for OPENCODE_GENERIC
[2026-05-04T15:01:07.551Z] message-hooks: found synthetic text at [0]: " Use the above message and context to generate a p..." matches=false
[2026-05-04T15:01:07.551Z] message-hooks: generic search complete, found=false, index=-1
[2026-05-04T15:01:07.551Z] message-hooks: no generic part found, checking for pending prompt return
[2026-05-04T15:01:20.795Z] message-hooks: ENTRY msgCount=8, sessions=ses_20c8e4007ffeqgG2Wlby3ElpL1
[2026-05-04T15:01:20.795Z] message-hooks: MESSAGES: [0]user: text:"@Sisyphus-Junior init-deep

<dcp-message...", agent, text:" Use the above message and context to ge..."(syn) | [1]assistant: step-start, reasoning, text:"<dcp-system-reminder>
CRITICAL WARNING: ...", tool:completed, step-finish, patch | [2]assistant: step-start, reasoning, tool:error, patch | [3]user: text:"[search-mode]
MAXIMIZE SEARCH EFFORT. La...", text:"<command-instruction>
# /init-deep

Gene..." | [4]assistant: step-start, reasoning, text:"I detect an **init-deep** intent — initi...", tool:completed, step-finish, patch | [5]assistant: step-start, reasoning, tool:completed, step-finish, patch | [6]user: text:"<system-reminder>
[ALL BACKGROUND TASKS ..." | [7]assistant: step-start, reasoning, text:"<dcp-system-reminder>
CRITICAL WARNING: ...", tool:completed, step-finish, patch
[2026-05-04T15:01:20.795Z] message-hooks: post-filter, msgCount=8
[2026-05-04T15:01:20.795Z] message-hooks: about to search for OPENCODE_GENERIC
[2026-05-04T15:01:20.795Z] message-hooks: searching 8 messages for OPENCODE_GENERIC
[2026-05-04T15:01:20.795Z] message-hooks: found synthetic text at [0]: " Use the above message and context to generate a p..." matches=false
[2026-05-04T15:01:20.795Z] message-hooks: generic search complete, found=false, index=-1
[2026-05-04T15:01:20.795Z] message-hooks: no generic part found, checking for pending prompt return
[2026-05-04T15:01:30.922Z] message-hooks: ENTRY msgCount=9, sessions=ses_20c8e4007ffeqgG2Wlby3ElpL1
[2026-05-04T15:01:30.922Z] message-hooks: MESSAGES: [0]user: text:"@Sisyphus-Junior init-deep

<dcp-message...", agent, text:" Use the above message and context to ge..."(syn) | [1]assistant: step-start, reasoning, text:"<dcp-system-reminder>
CRITICAL WARNING: ...", tool:completed, step-finish, patch | [2]assistant: step-start, reasoning, tool:error, patch | [3]user: text:"[search-mode]
MAXIMIZE SEARCH EFFORT. La...", text:"<command-instruction>
# /init-deep

Gene..." | [4]assistant: step-start, reasoning, text:"I detect an **init-deep** intent — initi...", tool:completed, step-finish, patch | [5]assistant: step-start, reasoning, tool:completed, step-finish, patch | [6]user: text:"<system-reminder>
[ALL BACKGROUND TASKS ..." | [7]assistant: step-start, reasoning, text:"<dcp-system-reminder>
CRITICAL WARNING: ...", tool:completed, step-finish, patch | [8]assistant: step-start, reasoning, tool:completed, tool:completed, tool:completed, tool:completed, step-finish, patch
[2026-05-04T15:01:30.922Z] message-hooks: post-filter, msgCount=9
[2026-05-04T15:01:30.922Z] message-hooks: about to search for OPENCODE_GENERIC
[2026-05-04T15:01:30.922Z] message-hooks: searching 9 messages for OPENCODE_GENERIC
[2026-05-04T15:01:30.922Z] message-hooks: found synthetic text at [0]: " Use the above message and context to generate a p..." matches=false
[2026-05-04T15:01:30.922Z] message-hooks: generic search complete, found=false, index=-1
[2026-05-04T15:01:30.922Z] message-hooks: no generic part found, checking for pending prompt return
[2026-05-04T15:01:39.880Z] message-hooks: ENTRY msgCount=10, sessions=ses_20c8e4007ffeqgG2Wlby3ElpL1
[2026-05-04T15:01:39.880Z] message-hooks: MESSAGES: [0]user: text:"@Sisyphus-Junior init-deep

<dcp-message...", agent, text:" Use the above message and context to ge..."(syn) | [1]assistant: step-start, reasoning, text:"<dcp-system-reminder>
CRITICAL WARNING: ...", tool:completed, step-finish, patch | [2]assistant: step-start, reasoning, tool:error, patch | [3]user: text:"[search-mode]
MAXIMIZE SEARCH EFFORT. La...", text:"<command-instruction>
# /init-deep

Gene..." | [4]assistant: step-start, reasoning, text:"I detect an **init-deep** intent — initi...", tool:completed, step-finish, patch | [5]assistant: step-start, reasoning, tool:completed, step-finish, patch | [6]user: text:"<system-reminder>
[ALL BACKGROUND TASKS ..." | [7]assistant: step-start, reasoning, text:"<dcp-system-reminder>
CRITICAL WARNING: ...", tool:completed, step-finish, patch | [8]assistant: step-start, reasoning, tool:completed, tool:completed, tool:completed, tool:completed, step-finish, patch | [9]assistant: step-start, reasoning, tool:completed, tool:completed, tool:completed, tool:completed, tool:completed, tool:completed, step-finish, patch
[2026-05-04T15:01:39.880Z] message-hooks: post-filter, msgCount=10
[2026-05-04T15:01:39.880Z] message-hooks: about to search for OPENCODE_GENERIC
[2026-05-04T15:01:39.880Z] message-hooks: searching 10 messages for OPENCODE_GENERIC
[2026-05-04T15:01:39.880Z] message-hooks: found synthetic text at [0]: " Use the above message and context to generate a p..." matches=false
[2026-05-04T15:01:39.880Z] message-hooks: generic search complete, found=false, index=-1
[2026-05-04T15:01:39.880Z] message-hooks: no generic part found, checking for pending prompt return
[2026-05-04T15:02:01.753Z] message-hooks: ENTRY msgCount=11, sessions=ses_20c8e4007ffeqgG2Wlby3ElpL1
[2026-05-04T15:02:01.753Z] message-hooks: MESSAGES: [0]user: text:"@Sisyphus-Junior init-deep

<dcp-message...", agent, text:" Use the above message and context to ge..."(syn) | [1]assistant: step-start, reasoning, text:"<dcp-system-reminder>
CRITICAL WARNING: ...", tool:completed, step-finish, patch | [2]assistant: step-start, reasoning, tool:error, patch | [3]user: text:"[search-mode]
MAXIMIZE SEARCH EFFORT. La...", text:"<command-instruction>
# /init-deep

Gene..." | [4]assistant: step-start, reasoning, text:"I detect an **init-deep** intent — initi...", tool:completed, step-finish, patch | [5]assistant: step-start, reasoning, tool:completed, step-finish, patch | [6]user: text:"<system-reminder>
[ALL BACKGROUND TASKS ..." | [7]assistant: step-start, reasoning, text:"<dcp-system-reminder>
CRITICAL WARNING: ...", tool:completed, step-finish, patch | [8]assistant: step-start, reasoning, tool:completed, tool:completed, tool:completed, tool:completed, step-finish, patch | [9]assistant: step-start, reasoning, tool:completed, tool:completed, tool:completed, tool:completed, tool:completed, tool:completed, step-finish, patch | [10]assistant: step-start, reasoning, tool:completed, tool:completed, tool:completed, tool:completed, tool:error, tool:completed, step-finish, patch
[2026-05-04T15:02:01.753Z] message-hooks: post-filter, msgCount=11
[2026-05-04T15:02:01.753Z] message-hooks: about to search for OPENCODE_GENERIC
[2026-05-04T15:02:01.753Z] message-hooks: searching 11 messages for OPENCODE_GENERIC
[2026-05-04T15:02:01.753Z] message-hooks: found synthetic text at [0]: " Use the above message and context to generate a p..." matches=false
[2026-05-04T15:02:01.753Z] message-hooks: generic search complete, found=false, index=-1
[2026-05-04T15:02:01.753Z] message-hooks: no generic part found, checking for pending prompt return
[2026-05-04T15:02:16.716Z] message-hooks: ENTRY msgCount=12, sessions=ses_20c8e4007ffeqgG2Wlby3ElpL1
[2026-05-04T15:02:16.716Z] message-hooks: MESSAGES: [0]user: text:"@Sisyphus-Junior init-deep

<dcp-message...", agent, text:" Use the above message and context to ge..."(syn) | [1]assistant: step-start, reasoning, text:"<dcp-system-reminder>
CRITICAL WARNING: ...", tool:completed, step-finish, patch | [2]assistant: step-start, reasoning, tool:error, patch | [3]user: text:"[search-mode]
MAXIMIZE SEARCH EFFORT. La...", text:"<command-instruction>
# /init-deep

Gene..." | [4]assistant: step-start, reasoning, text:"I detect an **init-deep** intent — initi...", tool:completed, step-finish, patch | [5]assistant: step-start, reasoning, tool:completed, step-finish, patch | [6]user: text:"<system-reminder>
[ALL BACKGROUND TASKS ..." | [7]assistant: step-start, reasoning, text:"<dcp-system-reminder>
CRITICAL WARNING: ...", tool:completed, step-finish, patch | [8]assistant: step-start, reasoning, tool:completed, tool:completed, tool:completed, tool:completed, step-finish, patch | [9]assistant: step-start, reasoning, tool:completed, tool:completed, tool:completed, tool:completed, tool:completed, tool:completed, step-finish, patch | [10]assistant: step-start, reasoning, tool:completed, tool:completed, tool:completed, tool:completed, tool:error, tool:completed, step-finish, patch | [11]assistant: step-start, reasoning, tool:completed, tool:error, tool:completed, tool:completed, step-finish, patch
[2026-05-04T15:02:16.716Z] message-hooks: post-filter, msgCount=12
[2026-05-04T15:02:16.716Z] message-hooks: about to search for OPENCODE_GENERIC
[2026-05-04T15:02:16.716Z] message-hooks: searching 12 messages for OPENCODE_GENERIC
[2026-05-04T15:02:16.716Z] message-hooks: found synthetic text at [0]: " Use the above message and context to generate a p..." matches=false
[2026-05-04T15:02:16.716Z] message-hooks: generic search complete, found=false, index=-1
[2026-05-04T15:02:16.716Z] message-hooks: no generic part found, checking for pending prompt return
[2026-05-04T15:02:36.024Z] message-hooks: ENTRY msgCount=13, sessions=ses_20c8e4007ffeqgG2Wlby3ElpL1
[2026-05-04T15:02:36.024Z] message-hooks: MESSAGES: [0]user: text:"@Sisyphus-Junior init-deep

<dcp-message...", agent, text:" Use the above message and context to ge..."(syn) | [1]assistant: step-start, reasoning, text:"<dcp-system-reminder>
CRITICAL WARNING: ...", tool:completed, step-finish, patch | [2]assistant: step-start, reasoning, tool:error, patch | [3]user: text:"[search-mode]
MAXIMIZE SEARCH EFFORT. La...", text:"<command-instruction>
# /init-deep

Gene..." | [4]assistant: step-start, reasoning, text:"I detect an **init-deep** intent — initi...", tool:completed, step-finish, patch | [5]assistant: step-start, reasoning, tool:completed, step-finish, patch | [6]user: text:"<system-reminder>
[ALL BACKGROUND TASKS ..." | [7]assistant: step-start, reasoning, text:"<dcp-system-reminder>
CRITICAL WARNING: ...", tool:completed, step-finish, patch | [8]assistant: step-start, reasoning, tool:completed, tool:completed, tool:completed, tool:completed, step-finish, patch | [9]assistant: step-start, reasoning, tool:completed, tool:completed, tool:completed, tool:completed, tool:completed, tool:completed, step-finish, patch | [10]assistant: step-start, reasoning, tool:completed, tool:completed, tool:completed, tool:completed, tool:error, tool:completed, step-finish, patch | [11]assistant: step-start, reasoning, tool:completed, tool:error, tool:completed, tool:completed, step-finish, patch | [12]assistant: step-start, reasoning, text:"Discovery complete. Here's the project a...", tool:completed, step-finish, patch
[2026-05-04T15:02:36.024Z] message-hooks: post-filter, msgCount=13
[2026-05-04T15:02:36.024Z] message-hooks: about to search for OPENCODE_GENERIC
[2026-05-04T15:02:36.024Z] message-hooks: searching 13 messages for OPENCODE_GENERIC
[2026-05-04T15:02:36.024Z] message-hooks: found synthetic text at [0]: " Use the above message and context to generate a p..." matches=false
[2026-05-04T15:02:36.024Z] message-hooks: generic search complete, found=false, index=-1
[2026-05-04T15:02:36.024Z] message-hooks: no generic part found, checking for pending prompt return
[2026-05-04T15:02:41.288Z] message-hooks: ENTRY msgCount=14, sessions=ses_20c8e4007ffeqgG2Wlby3ElpL1
[2026-05-04T15:02:41.288Z] message-hooks: MESSAGES: [0]user: text:"@Sisyphus-Junior init-deep

<dcp-message...", agent, text:" Use the above message and context to ge..."(syn) | [1]assistant: step-start, reasoning, text:"<dcp-system-reminder>
CRITICAL WARNING: ...", tool:completed, step-finish, patch | [2]assistant: step-start, reasoning, tool:error, patch | [3]user: text:"[search-mode]
MAXIMIZE SEARCH EFFORT. La...", text:"<command-instruction>
# /init-deep

Gene..." | [4]assistant: step-start, reasoning, text:"I detect an **init-deep** intent — initi...", tool:completed, step-finish, patch | [5]assistant: step-start, reasoning, tool:completed, step-finish, patch | [6]user: text:"<system-reminder>
[ALL BACKGROUND TASKS ..." | [7]assistant: step-start, reasoning, text:"<dcp-system-reminder>
CRITICAL WARNING: ...", tool:completed, step-finish, patch | [8]assistant: step-start, reasoning, tool:completed, tool:completed, tool:completed, tool:completed, step-finish, patch | [9]assistant: step-start, reasoning, tool:completed, tool:completed, tool:completed, tool:completed, tool:completed, tool:completed, step-finish, patch | [10]assistant: step-start, reasoning, tool:completed, tool:completed, tool:completed, tool:completed, tool:error, tool:completed, step-finish, patch | [11]assistant: step-start, reasoning, tool:completed, tool:error, tool:completed, tool:completed, step-finish, patch | [12]assistant: step-start, reasoning, text:"Discovery complete. Here's the project a...", tool:completed, step-finish, patch | [13]assistant: step-start, reasoning, tool:completed, step-finish, patch
[2026-05-04T15:02:41.289Z] message-hooks: post-filter, msgCount=14
[2026-05-04T15:02:41.289Z] message-hooks: about to search for OPENCODE_GENERIC
[2026-05-04T15:02:41.289Z] message-hooks: searching 14 messages for OPENCODE_GENERIC
[2026-05-04T15:02:41.289Z] message-hooks: found synthetic text at [0]: " Use the above message and context to generate a p..." matches=false
[2026-05-04T15:02:41.289Z] message-hooks: generic search complete, found=false, index=-1
[2026-05-04T15:02:41.289Z] message-hooks: no generic part found, checking for pending prompt return
[2026-05-04T15:03:09.176Z] message-hooks: ENTRY msgCount=15, sessions=ses_20c8e4007ffeqgG2Wlby3ElpL1
[2026-05-04T15:03:09.176Z] message-hooks: MESSAGES: [0]user: text:"@Sisyphus-Junior init-deep

<dcp-message...", agent, text:" Use the above message and context to ge..."(syn) | [1]assistant: step-start, reasoning, text:"<dcp-system-reminder>
CRITICAL WARNING: ...", tool:completed, step-finish, patch | [2]assistant: step-start, reasoning, tool:error, patch | [3]user: text:"[search-mode]
MAXIMIZE SEARCH EFFORT. La...", text:"<command-instruction>
# /init-deep

Gene..." | [4]assistant: step-start, reasoning, text:"I detect an **init-deep** intent — initi...", tool:completed, step-finish, patch | [5]assistant: step-start, reasoning, tool:completed, step-finish, patch | [6]user: text:"<system-reminder>
[ALL BACKGROUND TASKS ..." | [7]assistant: step-start, reasoning, text:"<dcp-system-reminder>
CRITICAL WARNING: ...", tool:completed, step-finish, patch | [8]assistant: step-start, reasoning, tool:completed, tool:completed, tool:completed, tool:completed, step-finish, patch | [9]assistant: step-start, reasoning, tool:completed, tool:completed, tool:completed, tool:completed, tool:completed, tool:completed, step-finish, patch | [10]assistant: step-start, reasoning, tool:completed, tool:completed, tool:completed, tool:completed, tool:error, tool:completed, step-finish, patch | [11]assistant: step-start, reasoning, tool:completed, tool:error, tool:completed, tool:completed, step-finish, patch | [12]assistant: step-start, reasoning, text:"Discovery complete. Here's the project a...", tool:completed, step-finish, patch | [13]assistant: step-start, reasoning, tool:completed, step-finish, patch | [14]assistant: step-start, reasoning, text:"Now updating root AGENTS.md with enriche...", tool:completed, step-finish, patch
[2026-05-04T15:03:09.176Z] message-hooks: post-filter, msgCount=15
[2026-05-04T15:03:09.176Z] message-hooks: about to search for OPENCODE_GENERIC
[2026-05-04T15:03:09.176Z] message-hooks: searching 15 messages for OPENCODE_GENERIC
[2026-05-04T15:03:09.176Z] message-hooks: found synthetic text at [0]: " Use the above message and context to generate a p..." matches=false
[2026-05-04T15:03:09.176Z] message-hooks: generic search complete, found=false, index=-1
[2026-05-04T15:03:09.176Z] message-hooks: no generic part found, checking for pending prompt return
[2026-05-04T15:03:28.602Z] message-hooks: ENTRY msgCount=16, sessions=ses_20c8e4007ffeqgG2Wlby3ElpL1
[2026-05-04T15:03:28.602Z] message-hooks: MESSAGES: [0]user: text:"@Sisyphus-Junior init-deep

<dcp-message...", agent, text:" Use the above message and context to ge..."(syn) | [1]assistant: step-start, reasoning, text:"<dcp-system-reminder>
CRITICAL WARNING: ...", tool:completed, step-finish, patch | [2]assistant: step-start, reasoning, tool:error, patch | [3]user: text:"[search-mode]
MAXIMIZE SEARCH EFFORT. La...", text:"<command-instruction>
# /init-deep

Gene..." | [4]assistant: step-start, reasoning, text:"I detect an **init-deep** intent — initi...", tool:completed, step-finish, patch | [5]assistant: step-start, reasoning, tool:completed, step-finish, patch | [6]user: text:"<system-reminder>
[ALL BACKGROUND TASKS ..." | [7]assistant: step-start, reasoning, text:"<dcp-system-reminder>
CRITICAL WARNING: ...", tool:completed, step-finish, patch | [8]assistant: step-start, reasoning, tool:completed, tool:completed, tool:completed, tool:completed, step-finish, patch | [9]assistant: step-start, reasoning, tool:completed, tool:completed, tool:completed, tool:completed, tool:completed, tool:completed, step-finish, patch | [10]assistant: step-start, reasoning, tool:completed, tool:completed, tool:completed, tool:completed, tool:error, tool:completed, step-finish, patch | [11]assistant: step-start, reasoning, tool:completed, tool:error, tool:completed, tool:completed, step-finish, patch | [12]assistant: step-start, reasoning, text:"Discovery complete. Here's the project a...", tool:completed, step-finish, patch | [13]assistant: step-start, reasoning, tool:completed, step-finish, patch | [14]assistant: step-start, reasoning, text:"Now updating root AGENTS.md with enriche...", tool:completed, step-finish, patch | [15]assistant: step-start, reasoning, text:"AGENTS.md updated. Now verifying the res...", tool:completed, step-finish, patch
[2026-05-04T15:03:28.602Z] message-hooks: post-filter, msgCount=16
[2026-05-04T15:03:28.602Z] message-hooks: about to search for OPENCODE_GENERIC
[2026-05-04T15:03:28.602Z] message-hooks: searching 16 messages for OPENCODE_GENERIC
[2026-05-04T15:03:28.602Z] message-hooks: found synthetic text at [0]: " Use the above message and context to generate a p..." matches=false
[2026-05-04T15:03:28.602Z] message-hooks: generic search complete, found=false, index=-1
[2026-05-04T15:03:28.602Z] message-hooks: no generic part found, checking for pending prompt return
[2026-05-04T15:03:48.649Z] message-hooks: ENTRY msgCount=17, sessions=ses_20c8e4007ffeqgG2Wlby3ElpL1
[2026-05-04T15:03:48.649Z] message-hooks: MESSAGES: [0]user: text:"@Sisyphus-Junior init-deep

<dcp-message...", agent, text:" Use the above message and context to ge..."(syn) | [1]assistant: step-start, reasoning, text:"<dcp-system-reminder>
CRITICAL WARNING: ...", tool:completed, step-finish, patch | [2]assistant: step-start, reasoning, tool:error, patch | [3]user: text:"[search-mode]
MAXIMIZE SEARCH EFFORT. La...", text:"<command-instruction>
# /init-deep

Gene..." | [4]assistant: step-start, reasoning, text:"I detect an **init-deep** intent — initi...", tool:completed, step-finish, patch | [5]assistant: step-start, reasoning, tool:completed, step-finish, patch | [6]user: text:"<system-reminder>
[ALL BACKGROUND TASKS ..." | [7]assistant: step-start, reasoning, text:"<dcp-system-reminder>
CRITICAL WARNING: ...", tool:completed, step-finish, patch | [8]assistant: step-start, reasoning, tool:completed, tool:completed, tool:completed, tool:completed, step-finish, patch | [9]assistant: step-start, reasoning, tool:completed, tool:completed, tool:completed, tool:completed, tool:completed, tool:completed, step-finish, patch | [10]assistant: step-start, reasoning, tool:completed, tool:completed, tool:completed, tool:completed, tool:error, tool:completed, step-finish, patch | [11]assistant: step-start, reasoning, tool:completed, tool:error, tool:completed, tool:completed, step-finish, patch | [12]assistant: step-start, reasoning, text:"Discovery complete. Here's the project a...", tool:completed, step-finish, patch | [13]assistant: step-start, reasoning, tool:completed, step-finish, patch | [14]assistant: step-start, reasoning, text:"Now updating root AGENTS.md with enriche...", tool:completed, step-finish, patch | [15]assistant: step-start, reasoning, text:"AGENTS.md updated. Now verifying the res...", tool:completed, step-finish, patch | [16]assistant: step-start, reasoning, tool:completed, step-finish, patch
[2026-05-04T15:03:48.649Z] message-hooks: post-filter, msgCount=17
[2026-05-04T15:03:48.649Z] message-hooks: about to search for OPENCODE_GENERIC
[2026-05-04T15:03:48.649Z] message-hooks: searching 17 messages for OPENCODE_GENERIC
[2026-05-04T15:03:48.649Z] message-hooks: found synthetic text at [0]: " Use the above message and context to generate a p..." matches=false
[2026-05-04T15:03:48.649Z] message-hooks: generic search complete, found=false, index=-1
[2026-05-04T15:03:48.649Z] message-hooks: no generic part found, checking for pending prompt return
[2026-05-04T15:03:54.183Z] session.idle: sessionID=ses_20c8e4007ffeqgG2Wlby3ElpL1
